<?xml version="1.0" encoding="UTF-8"?>
<!-- Generated by org.testng.reporters.JUnitXMLReporter -->
<testsuite hostname="KeyKin1" ignored="0" name="Surefire test" tests="5" failures="0" timestamp="07 Dec 2021 11:11:52 GMT" time="35.209" errors="0">
  <testcase name="bankManagerShouldAddCustomerSuccessfully" time="1.266" classname="com.bank.testsuite.BankTest"/>
  <testcase name="bankManagerShouldOpenAccountSuccessfully" time="1.358" classname="com.bank.testsuite.BankTest"/>
  <testcase name="customerShouldDepositMoneySuccessfully" time="1.542" classname="com.bank.testsuite.BankTest"/>
  <testcase name="customerShouldLoginAndLogoutSuccessfully" time="1.672" classname="com.bank.testsuite.BankTest"/>
  <testcase name="customerShouldWithdrawMoneySuccessfully" time="4.833" classname="com.bank.testsuite.BankTest"/>
</testsuite> <!-- Surefire test -->
