<?xml version="1.0" encoding="UTF-8"?>
<testng-results skipped="0" failed="0" ignored="0" total="5" passed="5">
  <reporter-output>
    <line>
      <![CDATA[Clicking on bank manager login
</br>]]>
    </line>
    <line>
      <![CDATA[Clicking on add customer tab[[ChromeDriver: chrome on WINDOWS (d08adb571f421cecb17e03513291d3aa)] -> xpath: //button[normalize-space()='Add Customer']]
</br>]]>
    </line>
    <line>
      <![CDATA[Entering customer details [[ChromeDriver: chrome on WINDOWS (d08adb571f421cecb17e03513291d3aa)] -> xpath: //input[@placeholder='First Name']] [[ChromeDriver: chrome on WINDOWS (d08adb571f421cecb17e03513291d3aa)] -> xpath: //input[@placeholder='Last Name']] [[ChromeDriver: chrome on WINDOWS (d08adb571f421cecb17e03513291d3aa)] -> xpath: //input[@placeholder='Post Code']]
</br>]]>
    </line>
    <line>
      <![CDATA[Clicking on add customer button[[ChromeDriver: chrome on WINDOWS (d08adb571f421cecb17e03513291d3aa)] -> xpath: //button[@type='submit']]
</br>]]>
    </line>
    <line>
      <![CDATA[Accepting popup message
</br>]]>
    </line>
    <line>
      <![CDATA[Clicking on bank manager login
</br>]]>
    </line>
    <line>
      <![CDATA[Clicking on add customer tab[[ChromeDriver: chrome on WINDOWS (afb7326fd4dcf78af0b363b68502bcb0)] -> xpath: //button[normalize-space()='Open Account']]
</br>]]>
    </line>
    <line>
      <![CDATA[Searching customer under open account page
</br>]]>
    </line>
    <line>
      <![CDATA[Select currency
</br>]]>
    </line>
    <line>
      <![CDATA[Clicking on Process button
</br>]]>
    </line>
    <line>
      <![CDATA[Clicking on Process button
</br>]]>
    </line>
    <line>
      <![CDATA[Clicking on customer login
</br>]]>
    </line>
    <line>
      <![CDATA[Searching customer name[[ChromeDriver: chrome on WINDOWS (fae6bf0fd5bdbbd18b631e359f3d2f28)] -> xpath: //select[@id='userSelect']]
</br>]]>
    </line>
    <line>
      <![CDATA[Clicking on log in button[[ChromeDriver: chrome on WINDOWS (fae6bf0fd5bdbbd18b631e359f3d2f28)] -> xpath: //button[normalize-space()='Login']]
</br>]]>
    </line>
    <line>
      <![CDATA[Clicking on deposit tab [[ChromeDriver: chrome on WINDOWS (fae6bf0fd5bdbbd18b631e359f3d2f28)] -> xpath: //button[normalize-space()='Deposit']]
</br>]]>
    </line>
    <line>
      <![CDATA[entering amount[[ChromeDriver: chrome on WINDOWS (fae6bf0fd5bdbbd18b631e359f3d2f28)] -> xpath: //input[@placeholder='amount']]
</br>]]>
    </line>
    <line>
      <![CDATA[Clicking on deposit button[[ChromeDriver: chrome on WINDOWS (fae6bf0fd5bdbbd18b631e359f3d2f28)] -> xpath: //button[@type='submit']]
</br>]]>
    </line>
    <line>
      <![CDATA[Verifying deposit successful message[[ChromeDriver: chrome on WINDOWS (fae6bf0fd5bdbbd18b631e359f3d2f28)] -> xpath: //span[contains(normalize-space(),'Deposit Successful')]]
</br>]]>
    </line>
    <line>
      <![CDATA[Clicking on customer login
</br>]]>
    </line>
    <line>
      <![CDATA[Searching customer name[[ChromeDriver: chrome on WINDOWS (990b73dba56f4cc83277bef7f5372bd9)] -> xpath: //select[@id='userSelect']]
</br>]]>
    </line>
    <line>
      <![CDATA[Clicking on log in button[[ChromeDriver: chrome on WINDOWS (990b73dba56f4cc83277bef7f5372bd9)] -> xpath: //button[normalize-space()='Login']]
</br>]]>
    </line>
    <line>
      <![CDATA[Verifying logout button
</br>]]>
    </line>
    <line>
      <![CDATA[Verifying name displayed
</br>]]>
    </line>
    <line>
      <![CDATA[Clicking on logout button
</br>]]>
    </line>
    <line>
      <![CDATA[Clicking on customer login
</br>]]>
    </line>
    <line>
      <![CDATA[Searching customer name[[ChromeDriver: chrome on WINDOWS (a8d32ce21ae710cd63c9abb3cd413d89)] -> xpath: //select[@id='userSelect']]
</br>]]>
    </line>
    <line>
      <![CDATA[Clicking on log in button[[ChromeDriver: chrome on WINDOWS (a8d32ce21ae710cd63c9abb3cd413d89)] -> xpath: //button[normalize-space()='Login']]
</br>]]>
    </line>
    <line>
      <![CDATA[Clicking on deposit tab [[ChromeDriver: chrome on WINDOWS (a8d32ce21ae710cd63c9abb3cd413d89)] -> xpath: //button[normalize-space()='Deposit']]
</br>]]>
    </line>
    <line>
      <![CDATA[entering amount[[ChromeDriver: chrome on WINDOWS (a8d32ce21ae710cd63c9abb3cd413d89)] -> xpath: //input[@placeholder='amount']]
</br>]]>
    </line>
    <line>
      <![CDATA[Clicking on deposit button[[ChromeDriver: chrome on WINDOWS (a8d32ce21ae710cd63c9abb3cd413d89)] -> xpath: //button[@type='submit']]
</br>]]>
    </line>
    <line>
      <![CDATA[Clicking on withdrawl tab[[ChromeDriver: chrome on WINDOWS (a8d32ce21ae710cd63c9abb3cd413d89)] -> xpath: //button[normalize-space()='Withdrawl']]
</br>]]>
    </line>
    <line>
      <![CDATA[Entering withdrawl amount[[ChromeDriver: chrome on WINDOWS (a8d32ce21ae710cd63c9abb3cd413d89)] -> xpath: (//input[@placeholder='amount'])[1]]
</br>]]>
    </line>
    <line>
      <![CDATA[Clicking on withdrawl button[[ChromeDriver: chrome on WINDOWS (a8d32ce21ae710cd63c9abb3cd413d89)] -> xpath: //button[normalize-space()='Withdraw']]
</br>]]>
    </line>
    <line>
      <![CDATA[Verifying withdrawl message[[ChromeDriver: chrome on WINDOWS (a8d32ce21ae710cd63c9abb3cd413d89)] -> xpath: //span[contains(normalize-space(),'Transaction successful')]]
</br>]]>
    </line>
  </reporter-output>
  <suite name="Surefire suite" duration-ms="35209" started-at="2021-12-07T11:11:16Z" finished-at="2021-12-07T11:11:51Z">
    <groups>
      <group name="regression">
        <method signature="BankTest.bankManagerShouldAddCustomerSuccessfully()[pri:0, instance:com.bank.testsuite.BankTest@77caeb3e]" name="bankManagerShouldAddCustomerSuccessfully" class="com.bank.testsuite.BankTest"/>
        <method signature="BankTest.bankManagerShouldOpenAccountSuccessfully()[pri:0, instance:com.bank.testsuite.BankTest@77caeb3e]" name="bankManagerShouldOpenAccountSuccessfully" class="com.bank.testsuite.BankTest"/>
        <method signature="BankTest.customerShouldDepositMoneySuccessfully()[pri:0, instance:com.bank.testsuite.BankTest@77caeb3e]" name="customerShouldDepositMoneySuccessfully" class="com.bank.testsuite.BankTest"/>
        <method signature="BankTest.customerShouldLoginAndLogoutSuccessfully()[pri:0, instance:com.bank.testsuite.BankTest@77caeb3e]" name="customerShouldLoginAndLogoutSuccessfully" class="com.bank.testsuite.BankTest"/>
        <method signature="BankTest.customerShouldWithdrawMoneySuccessfully()[pri:0, instance:com.bank.testsuite.BankTest@77caeb3e]" name="customerShouldWithdrawMoneySuccessfully" class="com.bank.testsuite.BankTest"/>
      </group> <!-- regression -->
      <group name="smoke">
        <method signature="BankTest.bankManagerShouldAddCustomerSuccessfully()[pri:0, instance:com.bank.testsuite.BankTest@77caeb3e]" name="bankManagerShouldAddCustomerSuccessfully" class="com.bank.testsuite.BankTest"/>
      </group> <!-- smoke -->
      <group name="sanity">
        <method signature="BankTest.bankManagerShouldOpenAccountSuccessfully()[pri:0, instance:com.bank.testsuite.BankTest@77caeb3e]" name="bankManagerShouldOpenAccountSuccessfully" class="com.bank.testsuite.BankTest"/>
        <method signature="BankTest.customerShouldLoginAndLogoutSuccessfully()[pri:0, instance:com.bank.testsuite.BankTest@77caeb3e]" name="customerShouldLoginAndLogoutSuccessfully" class="com.bank.testsuite.BankTest"/>
      </group> <!-- sanity -->
    </groups>
    <test name="Surefire test" duration-ms="35209" started-at="2021-12-07T11:11:16Z" finished-at="2021-12-07T11:11:51Z">
      <class name="com.bank.testsuite.BankTest">
        <test-method status="PASS" signature="setUp()[pri:0, instance:com.bank.testsuite.BankTest@77caeb3e]" name="setUp" is-config="true" duration-ms="5677" started-at="2021-12-07T11:11:16Z" finished-at="2021-12-07T11:11:22Z">
          <reporter-output>
          </reporter-output>
        </test-method> <!-- setUp -->
        <test-method status="PASS" signature="init()[pri:0, instance:com.bank.testsuite.BankTest@77caeb3e]" name="init" is-config="true" duration-ms="46" started-at="2021-12-07T11:11:22Z" finished-at="2021-12-07T11:11:22Z">
          <reporter-output>
          </reporter-output>
        </test-method> <!-- init -->
        <test-method status="PASS" signature="bankManagerShouldAddCustomerSuccessfully()[pri:0, instance:com.bank.testsuite.BankTest@77caeb3e]" name="bankManagerShouldAddCustomerSuccessfully" duration-ms="1266" started-at="2021-12-07T11:11:22Z" finished-at="2021-12-07T11:11:23Z">
          <reporter-output>
            <line>
              <![CDATA[Clicking on bank manager login
</br>]]>
            </line>
            <line>
              <![CDATA[Clicking on add customer tab[[ChromeDriver: chrome on WINDOWS (d08adb571f421cecb17e03513291d3aa)] -> xpath: //button[normalize-space()='Add Customer']]
</br>]]>
            </line>
            <line>
              <![CDATA[Entering customer details [[ChromeDriver: chrome on WINDOWS (d08adb571f421cecb17e03513291d3aa)] -> xpath: //input[@placeholder='First Name']] [[ChromeDriver: chrome on WINDOWS (d08adb571f421cecb17e03513291d3aa)] -> xpath: //input[@placeholder='Last Name']] [[ChromeDriver: chrome on WINDOWS (d08adb571f421cecb17e03513291d3aa)] -> xpath: //input[@placeholder='Post Code']]
</br>]]>
            </line>
            <line>
              <![CDATA[Clicking on add customer button[[ChromeDriver: chrome on WINDOWS (d08adb571f421cecb17e03513291d3aa)] -> xpath: //button[@type='submit']]
</br>]]>
            </line>
            <line>
              <![CDATA[Accepting popup message
</br>]]>
            </line>
          </reporter-output>
        </test-method> <!-- bankManagerShouldAddCustomerSuccessfully -->
        <test-method status="PASS" signature="tearDown()[pri:0, instance:com.bank.testsuite.BankTest@77caeb3e]" name="tearDown" is-config="true" duration-ms="1339" started-at="2021-12-07T11:11:23Z" finished-at="2021-12-07T11:11:24Z">
          <reporter-output>
          </reporter-output>
        </test-method> <!-- tearDown -->
        <test-method status="PASS" signature="setUp()[pri:0, instance:com.bank.testsuite.BankTest@77caeb3e]" name="setUp" is-config="true" duration-ms="3375" started-at="2021-12-07T11:11:24Z" finished-at="2021-12-07T11:11:28Z">
          <reporter-output>
          </reporter-output>
        </test-method> <!-- setUp -->
        <test-method status="PASS" signature="init()[pri:0, instance:com.bank.testsuite.BankTest@77caeb3e]" name="init" is-config="true" duration-ms="9" started-at="2021-12-07T11:11:28Z" finished-at="2021-12-07T11:11:28Z">
          <reporter-output>
          </reporter-output>
        </test-method> <!-- init -->
        <test-method status="PASS" signature="bankManagerShouldOpenAccountSuccessfully()[pri:0, instance:com.bank.testsuite.BankTest@77caeb3e]" name="bankManagerShouldOpenAccountSuccessfully" duration-ms="1358" started-at="2021-12-07T11:11:28Z" finished-at="2021-12-07T11:11:29Z">
          <reporter-output>
            <line>
              <![CDATA[Clicking on bank manager login
</br>]]>
            </line>
            <line>
              <![CDATA[Clicking on add customer tab[[ChromeDriver: chrome on WINDOWS (afb7326fd4dcf78af0b363b68502bcb0)] -> xpath: //button[normalize-space()='Open Account']]
</br>]]>
            </line>
            <line>
              <![CDATA[Searching customer under open account page
</br>]]>
            </line>
            <line>
              <![CDATA[Select currency
</br>]]>
            </line>
            <line>
              <![CDATA[Clicking on Process button
</br>]]>
            </line>
            <line>
              <![CDATA[Clicking on Process button
</br>]]>
            </line>
          </reporter-output>
        </test-method> <!-- bankManagerShouldOpenAccountSuccessfully -->
        <test-method status="PASS" signature="tearDown()[pri:0, instance:com.bank.testsuite.BankTest@77caeb3e]" name="tearDown" is-config="true" duration-ms="1055" started-at="2021-12-07T11:11:29Z" finished-at="2021-12-07T11:11:30Z">
          <reporter-output>
          </reporter-output>
        </test-method> <!-- tearDown -->
        <test-method status="PASS" signature="setUp()[pri:0, instance:com.bank.testsuite.BankTest@77caeb3e]" name="setUp" is-config="true" duration-ms="3099" started-at="2021-12-07T11:11:30Z" finished-at="2021-12-07T11:11:33Z">
          <reporter-output>
          </reporter-output>
        </test-method> <!-- setUp -->
        <test-method status="PASS" signature="init()[pri:0, instance:com.bank.testsuite.BankTest@77caeb3e]" name="init" is-config="true" duration-ms="2" started-at="2021-12-07T11:11:33Z" finished-at="2021-12-07T11:11:33Z">
          <reporter-output>
          </reporter-output>
        </test-method> <!-- init -->
        <test-method status="PASS" signature="customerShouldDepositMoneySuccessfully()[pri:0, instance:com.bank.testsuite.BankTest@77caeb3e]" name="customerShouldDepositMoneySuccessfully" duration-ms="1542" started-at="2021-12-07T11:11:33Z" finished-at="2021-12-07T11:11:35Z">
          <reporter-output>
            <line>
              <![CDATA[Clicking on customer login
</br>]]>
            </line>
            <line>
              <![CDATA[Searching customer name[[ChromeDriver: chrome on WINDOWS (fae6bf0fd5bdbbd18b631e359f3d2f28)] -> xpath: //select[@id='userSelect']]
</br>]]>
            </line>
            <line>
              <![CDATA[Clicking on log in button[[ChromeDriver: chrome on WINDOWS (fae6bf0fd5bdbbd18b631e359f3d2f28)] -> xpath: //button[normalize-space()='Login']]
</br>]]>
            </line>
            <line>
              <![CDATA[Clicking on deposit tab [[ChromeDriver: chrome on WINDOWS (fae6bf0fd5bdbbd18b631e359f3d2f28)] -> xpath: //button[normalize-space()='Deposit']]
</br>]]>
            </line>
            <line>
              <![CDATA[entering amount[[ChromeDriver: chrome on WINDOWS (fae6bf0fd5bdbbd18b631e359f3d2f28)] -> xpath: //input[@placeholder='amount']]
</br>]]>
            </line>
            <line>
              <![CDATA[Clicking on deposit button[[ChromeDriver: chrome on WINDOWS (fae6bf0fd5bdbbd18b631e359f3d2f28)] -> xpath: //button[@type='submit']]
</br>]]>
            </line>
            <line>
              <![CDATA[Verifying deposit successful message[[ChromeDriver: chrome on WINDOWS (fae6bf0fd5bdbbd18b631e359f3d2f28)] -> xpath: //span[contains(normalize-space(),'Deposit Successful')]]
</br>]]>
            </line>
          </reporter-output>
        </test-method> <!-- customerShouldDepositMoneySuccessfully -->
        <test-method status="PASS" signature="tearDown()[pri:0, instance:com.bank.testsuite.BankTest@77caeb3e]" name="tearDown" is-config="true" duration-ms="1067" started-at="2021-12-07T11:11:35Z" finished-at="2021-12-07T11:11:36Z">
          <reporter-output>
          </reporter-output>
        </test-method> <!-- tearDown -->
        <test-method status="PASS" signature="setUp()[pri:0, instance:com.bank.testsuite.BankTest@77caeb3e]" name="setUp" is-config="true" duration-ms="3177" started-at="2021-12-07T11:11:36Z" finished-at="2021-12-07T11:11:39Z">
          <reporter-output>
          </reporter-output>
        </test-method> <!-- setUp -->
        <test-method status="PASS" signature="init()[pri:0, instance:com.bank.testsuite.BankTest@77caeb3e]" name="init" is-config="true" duration-ms="4" started-at="2021-12-07T11:11:39Z" finished-at="2021-12-07T11:11:39Z">
          <reporter-output>
          </reporter-output>
        </test-method> <!-- init -->
        <test-method status="PASS" signature="customerShouldLoginAndLogoutSuccessfully()[pri:0, instance:com.bank.testsuite.BankTest@77caeb3e]" name="customerShouldLoginAndLogoutSuccessfully" duration-ms="1672" started-at="2021-12-07T11:11:39Z" finished-at="2021-12-07T11:11:41Z">
          <reporter-output>
            <line>
              <![CDATA[Clicking on customer login
</br>]]>
            </line>
            <line>
              <![CDATA[Searching customer name[[ChromeDriver: chrome on WINDOWS (990b73dba56f4cc83277bef7f5372bd9)] -> xpath: //select[@id='userSelect']]
</br>]]>
            </line>
            <line>
              <![CDATA[Clicking on log in button[[ChromeDriver: chrome on WINDOWS (990b73dba56f4cc83277bef7f5372bd9)] -> xpath: //button[normalize-space()='Login']]
</br>]]>
            </line>
            <line>
              <![CDATA[Verifying logout button
</br>]]>
            </line>
            <line>
              <![CDATA[Verifying name displayed
</br>]]>
            </line>
            <line>
              <![CDATA[Clicking on logout button
</br>]]>
            </line>
          </reporter-output>
        </test-method> <!-- customerShouldLoginAndLogoutSuccessfully -->
        <test-method status="PASS" signature="tearDown()[pri:0, instance:com.bank.testsuite.BankTest@77caeb3e]" name="tearDown" is-config="true" duration-ms="1088" started-at="2021-12-07T11:11:41Z" finished-at="2021-12-07T11:11:42Z">
          <reporter-output>
          </reporter-output>
        </test-method> <!-- tearDown -->
        <test-method status="PASS" signature="setUp()[pri:0, instance:com.bank.testsuite.BankTest@77caeb3e]" name="setUp" is-config="true" duration-ms="3113" started-at="2021-12-07T11:11:42Z" finished-at="2021-12-07T11:11:45Z">
          <reporter-output>
          </reporter-output>
        </test-method> <!-- setUp -->
        <test-method status="PASS" signature="init()[pri:0, instance:com.bank.testsuite.BankTest@77caeb3e]" name="init" is-config="true" duration-ms="2" started-at="2021-12-07T11:11:45Z" finished-at="2021-12-07T11:11:45Z">
          <reporter-output>
          </reporter-output>
        </test-method> <!-- init -->
        <test-method status="PASS" signature="customerShouldWithdrawMoneySuccessfully()[pri:0, instance:com.bank.testsuite.BankTest@77caeb3e]" name="customerShouldWithdrawMoneySuccessfully" duration-ms="4833" started-at="2021-12-07T11:11:45Z" finished-at="2021-12-07T11:11:50Z">
          <reporter-output>
            <line>
              <![CDATA[Clicking on customer login
</br>]]>
            </line>
            <line>
              <![CDATA[Searching customer name[[ChromeDriver: chrome on WINDOWS (a8d32ce21ae710cd63c9abb3cd413d89)] -> xpath: //select[@id='userSelect']]
</br>]]>
            </line>
            <line>
              <![CDATA[Clicking on log in button[[ChromeDriver: chrome on WINDOWS (a8d32ce21ae710cd63c9abb3cd413d89)] -> xpath: //button[normalize-space()='Login']]
</br>]]>
            </line>
            <line>
              <![CDATA[Clicking on deposit tab [[ChromeDriver: chrome on WINDOWS (a8d32ce21ae710cd63c9abb3cd413d89)] -> xpath: //button[normalize-space()='Deposit']]
</br>]]>
            </line>
            <line>
              <![CDATA[entering amount[[ChromeDriver: chrome on WINDOWS (a8d32ce21ae710cd63c9abb3cd413d89)] -> xpath: //input[@placeholder='amount']]
</br>]]>
            </line>
            <line>
              <![CDATA[Clicking on deposit button[[ChromeDriver: chrome on WINDOWS (a8d32ce21ae710cd63c9abb3cd413d89)] -> xpath: //button[@type='submit']]
</br>]]>
            </line>
            <line>
              <![CDATA[Clicking on withdrawl tab[[ChromeDriver: chrome on WINDOWS (a8d32ce21ae710cd63c9abb3cd413d89)] -> xpath: //button[normalize-space()='Withdrawl']]
</br>]]>
            </line>
            <line>
              <![CDATA[Entering withdrawl amount[[ChromeDriver: chrome on WINDOWS (a8d32ce21ae710cd63c9abb3cd413d89)] -> xpath: (//input[@placeholder='amount'])[1]]
</br>]]>
            </line>
            <line>
              <![CDATA[Clicking on withdrawl button[[ChromeDriver: chrome on WINDOWS (a8d32ce21ae710cd63c9abb3cd413d89)] -> xpath: //button[normalize-space()='Withdraw']]
</br>]]>
            </line>
            <line>
              <![CDATA[Verifying withdrawl message[[ChromeDriver: chrome on WINDOWS (a8d32ce21ae710cd63c9abb3cd413d89)] -> xpath: //span[contains(normalize-space(),'Transaction successful')]]
</br>]]>
            </line>
          </reporter-output>
        </test-method> <!-- customerShouldWithdrawMoneySuccessfully -->
        <test-method status="PASS" signature="tearDown()[pri:0, instance:com.bank.testsuite.BankTest@77caeb3e]" name="tearDown" is-config="true" duration-ms="1151" started-at="2021-12-07T11:11:50Z" finished-at="2021-12-07T11:11:51Z">
          <reporter-output>
          </reporter-output>
        </test-method> <!-- tearDown -->
      </class> <!-- com.bank.testsuite.BankTest -->
    </test> <!-- Surefire test -->
  </suite> <!-- Surefire suite -->
</testng-results>
